<?xml version="1.0" encoding="UTF-8"?>
<testng-results skipped="0" failed="0" total="1" passed="1">
  <reporter-output>
  </reporter-output>
  <suite name="Surefire suite" duration-ms="81" started-at="2016-11-21T16:07:44Z" finished-at="2016-11-21T16:07:44Z">
    <groups>
    </groups>
    <test name="Surefire test" duration-ms="81" started-at="2016-11-21T16:07:44Z" finished-at="2016-11-21T16:07:44Z">
      <class name="CreateUserTest">
        <test-method status="PASS" signature="aFastTest()[pri:0, instance:aFastTest(CreateUserTest)]" name="aFastTest" duration-ms="4" started-at="2016-11-21T17:07:44Z" finished-at="2016-11-21T17:07:44Z">
          <reporter-output>
          </reporter-output>
        </test-method> <!-- aFastTest -->
      </class> <!-- CreateUserTest -->
    </test> <!-- Surefire test -->
  </suite> <!-- Surefire suite -->
</testng-results>
